============================================================
DroneCrowd 原始GOG跟踪与评测
工具包目录：/mnt/d/desktop/DroneCrowd-master/STNNet/DroneCrowd-MOT-toolkit
图片目录：/mnt/d/desktop/DroneCrowd-master/STNNet/DroneCrowd-MOT-toolkit/../../dataset/test_data/images
定位结果：/mnt/d/desktop/DroneCrowd-master/STNNet/DroneCrowd-MOT-toolkit/../cyc_pts
跟踪输出：/mnt/d/desktop/DroneCrowd-master/STNNet/DroneCrowd-MOT-toolkit/../results/tracking/cyc_pts
序列列表：/mnt/d/desktop/DroneCrowd-master/STNNet/DroneCrowd-MOT-toolkit/testlist_seq011.txt
真实标注：/mnt/d/desktop/DroneCrowd-master/STNNet/DroneCrowd-MOT-toolkit/../../dataset/annotations
============================================================

路径与文件检查通过。

开始运行原始GOG跟踪器……
Tracking completed. The runing speed of GOG tracker is 2.62fps.

开始运行官方轨迹评测……
loading groundtruth
loading tracking results
accumulating
computing AP
-------------
Mean AP:		 56.49%
 = = = = = = = = 
Mean AP@0.10:	 59.76%
Mean AP@0.15:	 57.89%
Mean AP@0.20:	 51.82%
 = = = = = = = = 

============================================================
原始GOG轨迹评测完成
============================================================

轨迹重合阈值：
   0.1000   0.1500   0.2000
AP：
{
  [1,1] = 59.761
  [1,2] = 57.890
  [1,3] = 51.821
}
Recall：
{
  [1,1] =

     3.7175e-03
     7.4349e-03
     1.1152e-02
     1.4870e-02
     1.8587e-02
     2.2305e-02
     2.6022e-02
     2.9740e-02
     3.3457e-02
     3.7175e-02
     4.0892e-02
     4.0892e-02
     4.4610e-02
     4.4610e-02
     4.8327e-02
     5.2045e-02
     5.5762e-02
     5.9480e-02
     6.3197e-02
     6.6914e-02
     7.0632e-02
     7.4349e-02
     7.8067e-02
     8.1784e-02
     8.1784e-02
     8.5502e-02
     8.9219e-02
     8.9219e-02
     9.2937e-02
     9.6654e-02
     1.0037e-01
     1.0409e-01
     1.0781e-01
     1.1152e-01
     1.1524e-01
     1.1896e-01
     1.2268e-01
     1.2639e-01
     1.2639e-01
     1.3011e-01
     1.3383e-01
     1.3755e-01
     1.4126e-01
     1.4498e-01
     1.4870e-01
     1.5242e-01
     1.5613e-01
     1.5985e-01
     1.6357e-01
     1.6729e-01
     1.7100e-01
     1.7472e-01
     1.7844e-01
     1.8216e-01
     1.8587e-01
     1.8959e-01
     1.9331e-01
     1.9703e-01
     2.0074e-01
     2.0446e-01
     2.0818e-01
     2.1190e-01
     2.1561e-01
     2.1933e-01
     2.2305e-01
     2.2677e-01
     2.3048e-01
     2.3420e-01
     2.3792e-01
     2.3792e-01
     2.4164e-01
     2.4535e-01
     2.4907e-01
     2.5279e-01
     2.5651e-01
     2.6022e-01
     2.6022e-01
     2.6394e-01
     2.6766e-01
     2.7138e-01
     2.7509e-01
     2.7881e-01
     2.8253e-01
     2.8253e-01
     2.8625e-01
     2.8996e-01
     2.9368e-01
     2.9740e-01
     3.0112e-01
     3.0483e-01
     3.0855e-01
     3.1227e-01
     3.1599e-01
     3.1970e-01
     3.1970e-01
     3.2342e-01
     3.2714e-01
     3.3086e-01
     3.3457e-01
     3.3457e-01
     3.3457e-01
     3.3829e-01
     3.4201e-01
     3.4572e-01
     3.4944e-01
     3.5316e-01
     3.5688e-01
     3.5688e-01
     3.6059e-01
     3.6431e-01
     3.6803e-01
     3.6803e-01
     3.7175e-01
     3.7546e-01
     3.7918e-01
     3.8290e-01
     3.8662e-01
     3.9033e-01
     3.9033e-01
     3.9405e-01
     3.9777e-01
     3.9777e-01
     4.0149e-01
     4.0149e-01
     4.0149e-01
     4.0520e-01
     4.0892e-01
     4.1264e-01
     4.1264e-01
     4.1636e-01
     4.2007e-01
     4.2379e-01
     4.2379e-01
     4.2751e-01
     4.2751e-01
     4.3123e-01
     4.3123e-01
     4.3494e-01
     4.3866e-01
     4.4238e-01
     4.4610e-01
     4.4610e-01
     4.4610e-01
     4.4981e-01
     4.5353e-01
     4.5353e-01
     4.5725e-01
     4.5725e-01
     4.5725e-01
     4.6097e-01
     4.6468e-01
     4.6840e-01
     4.6840e-01
     4.6840e-01
     4.7212e-01
     4.7584e-01
     4.7584e-01
     4.7584e-01
     4.7955e-01
     4.8327e-01
     4.8699e-01
     4.8699e-01
     4.8699e-01
     4.8699e-01
     4.8699e-01
     4.9071e-01
     4.9442e-01
     4.9814e-01
     4.9814e-01
     5.0186e-01
     5.0186e-01
     5.0558e-01
     5.0558e-01
     5.0558e-01
     5.0929e-01
     5.0929e-01
     5.0929e-01
     5.1301e-01
     5.1301e-01
     5.1673e-01
     5.1673e-01
     5.1673e-01
     5.2045e-01
     5.2045e-01
     5.2416e-01
     5.2788e-01
     5.3160e-01
     5.3532e-01
     5.3903e-01
     5.4275e-01
     5.4647e-01
     5.4647e-01
     5.5019e-01
     5.5390e-01
     5.5762e-01
     5.5762e-01
     5.6134e-01
     5.6506e-01
     5.6877e-01
     5.7249e-01
     5.7621e-01
     5.7621e-01
     5.7993e-01
     5.7993e-01
     5.8364e-01
     5.8364e-01
     5.8736e-01
     5.8736e-01
     5.9108e-01
     5.9108e-01
     5.9108e-01
     5.9108e-01
     5.9108e-01
     5.9108e-01
     5.9480e-01
     5.9851e-01
     6.0223e-01
     6.0223e-01
     6.0595e-01
     6.0595e-01
     6.0595e-01
     6.0595e-01
     6.0967e-01
     6.1338e-01
     6.1710e-01
     6.2082e-01
     6.2082e-01
     6.2454e-01
     6.2825e-01
     6.2825e-01
     6.2825e-01
     6.3197e-01
     6.3197e-01
     6.3569e-01
     6.3569e-01
     6.3941e-01
     6.3941e-01
     6.4312e-01
     6.4684e-01
     6.4684e-01
     6.4684e-01
     6.5056e-01
     6.5056e-01
     6.5428e-01
     6.5428e-01
     6.5799e-01
     6.6171e-01
     6.6543e-01
     6.6543e-01
     6.6914e-01
     6.6914e-01
     6.6914e-01
     6.7286e-01
     6.7286e-01
     6.7286e-01
     6.7286e-01
     6.7286e-01
     6.7658e-01
     6.7658e-01
     6.8030e-01
     6.8401e-01
     6.8773e-01
     6.9145e-01
     6.9145e-01

  [1,2] =

     3.7175e-03
     7.4349e-03
     1.1152e-02
     1.4870e-02
     1.8587e-02
     2.2305e-02
     2.6022e-02
     2.9740e-02
     3.3457e-02
     3.7175e-02
     4.0892e-02
     4.0892e-02
     4.4610e-02
     4.4610e-02
     4.8327e-02
     5.2045e-02
     5.5762e-02
     5.9480e-02
     6.3197e-02
     6.6914e-02
     7.0632e-02
     7.4349e-02
     7.8067e-02
     8.1784e-02
     8.1784e-02
     8.5502e-02
     8.9219e-02
     8.9219e-02
     9.2937e-02
     9.6654e-02
     1.0037e-01
     1.0409e-01
     1.0781e-01
     1.1152e-01
     1.1524e-01
     1.1896e-01
     1.2268e-01
     1.2639e-01
     1.2639e-01
     1.3011e-01
     1.3383e-01
     1.3755e-01
     1.4126e-01
     1.4498e-01
     1.4870e-01
     1.5242e-01
     1.5613e-01
     1.5985e-01
     1.6357e-01
     1.6729e-01
     1.7100e-01
     1.7472e-01
     1.7844e-01
     1.8216e-01
     1.8587e-01
     1.8959e-01
     1.9331e-01
     1.9703e-01
     2.0074e-01
     2.0446e-01
     2.0818e-01
     2.1190e-01
     2.1561e-01
     2.1933e-01
     2.2305e-01
     2.2305e-01
     2.2677e-01
     2.3048e-01
     2.3420e-01
     2.3420e-01
     2.3792e-01
     2.4164e-01
     2.4535e-01
     2.4907e-01
     2.5279e-01
     2.5651e-01
     2.5651e-01
     2.6022e-01
     2.6394e-01
     2.6766e-01
     2.7138e-01
     2.7509e-01
     2.7881e-01
     2.7881e-01
     2.8253e-01
     2.8625e-01
     2.8996e-01
     2.9368e-01
     2.9740e-01
     3.0112e-01
     3.0483e-01
     3.0855e-01
     3.1227e-01
     3.1599e-01
     3.1599e-01
     3.1970e-01
     3.2342e-01
     3.2714e-01
     3.3086e-01
     3.3086e-01
     3.3086e-01
     3.3457e-01
     3.3829e-01
     3.4201e-01
     3.4572e-01
     3.4944e-01
     3.5316e-01
     3.5316e-01
     3.5688e-01
     3.6059e-01
     3.6431e-01
     3.6431e-01
     3.6803e-01
     3.7175e-01
     3.7546e-01
     3.7918e-01
     3.8290e-01
     3.8662e-01
     3.8662e-01
     3.9033e-01
     3.9405e-01
     3.9405e-01
     3.9777e-01
     3.9777e-01
     3.9777e-01
     4.0149e-01
     4.0520e-01
     4.0892e-01
     4.0892e-01
     4.1264e-01
     4.1636e-01
     4.1636e-01
     4.1636e-01
     4.2007e-01
     4.2007e-01
     4.2379e-01
     4.2379e-01
     4.2751e-01
     4.3123e-01
     4.3123e-01
     4.3494e-01
     4.3494e-01
     4.3494e-01
     4.3866e-01
     4.4238e-01
     4.4238e-01
     4.4610e-01
     4.4610e-01
     4.4610e-01
     4.4981e-01
     4.4981e-01
     4.5353e-01
     4.5353e-01
     4.5353e-01
     4.5725e-01
     4.6097e-01
     4.6097e-01
     4.6468e-01
     4.6840e-01
     4.7212e-01
     4.7584e-01
     4.7584e-01
     4.7584e-01
     4.7584e-01
     4.7584e-01
     4.7955e-01
     4.8327e-01
     4.8699e-01
     4.8699e-01
     4.9071e-01
     4.9071e-01
     4.9442e-01
     4.9442e-01
     4.9442e-01
     4.9814e-01
     4.9814e-01
     4.9814e-01
     5.0186e-01
     5.0186e-01
     5.0558e-01
     5.0929e-01
     5.0929e-01
     5.1301e-01
     5.1301e-01
     5.1673e-01
     5.2045e-01
     5.2416e-01
     5.2788e-01
     5.3160e-01
     5.3532e-01
     5.3903e-01
     5.3903e-01
     5.4275e-01
     5.4647e-01
     5.5019e-01
     5.5019e-01
     5.5390e-01
     5.5762e-01
     5.6134e-01
     5.6506e-01
     5.6877e-01
     5.6877e-01
     5.7249e-01
     5.7249e-01
     5.7621e-01
     5.7621e-01
     5.7621e-01
     5.7621e-01
     5.7993e-01
     5.7993e-01
     5.8364e-01
     5.8364e-01
     5.8364e-01
     5.8364e-01
     5.8736e-01
     5.9108e-01
     5.9480e-01
     5.9480e-01
     5.9851e-01
     5.9851e-01
     5.9851e-01
     5.9851e-01
     6.0223e-01
     6.0595e-01
     6.0967e-01
     6.1338e-01
     6.1338e-01
     6.1710e-01
     6.2082e-01
     6.2082e-01
     6.2082e-01
     6.2454e-01
     6.2454e-01
     6.2825e-01
     6.2825e-01
     6.3197e-01
     6.3197e-01
     6.3569e-01
     6.3569e-01
     6.3569e-01
     6.3569e-01
     6.3941e-01
     6.3941e-01
     6.4312e-01
     6.4312e-01
     6.4684e-01
     6.5056e-01
     6.5428e-01
     6.5428e-01
     6.5799e-01
     6.5799e-01
     6.5799e-01
     6.5799e-01
     6.5799e-01
     6.5799e-01
     6.5799e-01
     6.5799e-01
     6.6171e-01
     6.6171e-01
     6.6543e-01
     6.6914e-01
     6.7286e-01
     6.7658e-01
     6.7658e-01

  [1,3] =

     3.7175e-03
     7.4349e-03
     1.1152e-02
     1.4870e-02
     1.8587e-02
     2.2305e-02
     2.6022e-02
     2.9740e-02
     3.3457e-02
     3.7175e-02
     4.0892e-02
     4.0892e-02
     4.4610e-02
     4.4610e-02
     4.8327e-02
     5.2045e-02
     5.5762e-02
     5.9480e-02
     6.3197e-02
     6.6914e-02
     7.0632e-02
     7.4349e-02
     7.8067e-02
     8.1784e-02
     8.1784e-02
     8.5502e-02
     8.9219e-02
     8.9219e-02
     9.2937e-02
     9.6654e-02
     1.0037e-01
     1.0409e-01
     1.0781e-01
     1.1152e-01
     1.1524e-01
     1.1896e-01
     1.1896e-01
     1.2268e-01
     1.2268e-01
     1.2639e-01
     1.3011e-01
     1.3383e-01
     1.3755e-01
     1.4126e-01
     1.4498e-01
     1.4870e-01
     1.5242e-01
     1.5613e-01
     1.5985e-01
     1.6357e-01
     1.6729e-01
     1.7100e-01
     1.7472e-01
     1.7844e-01
     1.8216e-01
     1.8587e-01
     1.8959e-01
     1.9331e-01
     1.9703e-01
     2.0074e-01
     2.0446e-01
     2.0818e-01
     2.1190e-01
     2.1561e-01
     2.1933e-01
     2.1933e-01
     2.2305e-01
     2.2677e-01
     2.3048e-01
     2.3048e-01
     2.3048e-01
     2.3420e-01
     2.3792e-01
     2.4164e-01
     2.4535e-01
     2.4907e-01
     2.4907e-01
     2.5279e-01
     2.5651e-01
     2.6022e-01
     2.6394e-01
     2.6766e-01
     2.7138e-01
     2.7138e-01
     2.7509e-01
     2.7881e-01
     2.8253e-01
     2.8625e-01
     2.8996e-01
     2.9368e-01
     2.9740e-01
     3.0112e-01
     3.0483e-01
     3.0855e-01
     3.0855e-01
     3.1227e-01
     3.1599e-01
     3.1970e-01
     3.2342e-01
     3.2342e-01
     3.2342e-01
     3.2714e-01
     3.3086e-01
     3.3457e-01
     3.3829e-01
     3.3829e-01
     3.4201e-01
     3.4201e-01
     3.4572e-01
     3.4944e-01
     3.5316e-01
     3.5316e-01
     3.5688e-01
     3.6059e-01
     3.6431e-01
     3.6803e-01
     3.6803e-01
     3.7175e-01
     3.7175e-01
     3.7546e-01
     3.7918e-01
     3.7918e-01
     3.8290e-01
     3.8290e-01
     3.8290e-01
     3.8662e-01
     3.9033e-01
     3.9405e-01
     3.9405e-01
     3.9777e-01
     4.0149e-01
     4.0149e-01
     4.0149e-01
     4.0520e-01
     4.0520e-01
     4.0892e-01
     4.0892e-01
     4.0892e-01
     4.1264e-01
     4.1264e-01
     4.1636e-01
     4.1636e-01
     4.1636e-01
     4.2007e-01
     4.2007e-01
     4.2007e-01
     4.2379e-01
     4.2379e-01
     4.2379e-01
     4.2751e-01
     4.2751e-01
     4.3123e-01
     4.3123e-01
     4.3123e-01
     4.3494e-01
     4.3866e-01
     4.3866e-01
     4.4238e-01
     4.4610e-01
     4.4981e-01
     4.5353e-01
     4.5353e-01
     4.5353e-01
     4.5353e-01
     4.5725e-01
     4.6097e-01
     4.6468e-01
     4.6840e-01
     4.6840e-01
     4.7212e-01
     4.7212e-01
     4.7584e-01
     4.7584e-01
     4.7584e-01
     4.7955e-01
     4.8327e-01
     4.8327e-01
     4.8699e-01
     4.8699e-01
     4.9071e-01
     4.9442e-01
     4.9442e-01
     4.9814e-01
     4.9814e-01
     5.0186e-01
     5.0558e-01
     5.0929e-01
     5.0929e-01
     5.1301e-01
     5.1673e-01
     5.2045e-01
     5.2045e-01
     5.2045e-01
     5.2416e-01
     5.2788e-01
     5.2788e-01
     5.3160e-01
     5.3532e-01
     5.3903e-01
     5.4275e-01
     5.4647e-01
     5.4647e-01
     5.5019e-01
     5.5019e-01
     5.5390e-01
     5.5390e-01
     5.5390e-01
     5.5390e-01
     5.5762e-01
     5.5762e-01
     5.6134e-01
     5.6134e-01
     5.6134e-01
     5.6134e-01
     5.6506e-01
     5.6877e-01
     5.6877e-01
     5.6877e-01
     5.6877e-01
     5.6877e-01
     5.6877e-01
     5.6877e-01
     5.6877e-01
     5.7249e-01
     5.7249e-01
     5.7621e-01
     5.7621e-01
     5.7993e-01
     5.7993e-01
     5.7993e-01
     5.7993e-01
     5.8364e-01
     5.8364e-01
     5.8364e-01
     5.8364e-01
     5.8736e-01
     5.8736e-01
     5.9108e-01
     5.9108e-01
     5.9108e-01
     5.9108e-01
     5.9108e-01
     5.9108e-01
     5.9108e-01
     5.9108e-01
     5.9480e-01
     5.9851e-01
     6.0223e-01
     6.0223e-01
     6.0595e-01
     6.0595e-01
     6.0595e-01
     6.0595e-01
     6.0595e-01
     6.0595e-01
     6.0595e-01
     6.0595e-01
     6.0595e-01
     6.0595e-01
     6.0595e-01
     6.0967e-01
     6.1338e-01
     6.1710e-01
     6.1710e-01

}
Precision：
{
  [1,1] =

     1.0000
     1.0000
     1.0000
     1.0000
     1.0000
     1.0000
     1.0000
     1.0000
     1.0000
     1.0000
     1.0000
     0.9167
     0.9231
     0.8571
     0.8667
     0.8750
     0.8824
     0.8889
     0.8947
     0.9000
     0.9048
     0.9091
     0.9130
     0.9167
     0.8800
     0.8846
     0.8889
     0.8571
     0.8621
     0.8667
     0.8710
     0.8750
     0.8788
     0.8824
     0.8857
     0.8889
     0.8919
     0.8947
     0.8718
     0.8750
     0.8780
     0.8810
     0.8837
     0.8864
     0.8889
     0.8913
     0.8936
     0.8958
     0.8980
     0.9000
     0.9020
     0.9038
     0.9057
     0.9074
     0.9091
     0.9107
     0.9123
     0.9138
     0.9153
     0.9167
     0.9180
     0.9194
     0.9206
     0.9219
     0.9231
     0.9242
     0.9254
     0.9265
     0.9275
     0.9143
     0.9155
     0.9167
     0.9178
     0.9189
     0.9200
     0.9211
     0.9091
     0.9103
     0.9114
     0.9125
     0.9136
     0.9146
     0.9157
     0.9048
     0.9059
     0.9070
     0.9080
     0.9091
     0.9101
     0.9111
     0.9121
     0.9130
     0.9140
     0.9149
     0.9053
     0.9062
     0.9072
     0.9082
     0.9091
     0.9000
     0.8911
     0.8922
     0.8932
     0.8942
     0.8952
     0.8962
     0.8972
     0.8889
     0.8899
     0.8909
     0.8919
     0.8839
     0.8850
     0.8860
     0.8870
     0.8879
     0.8889
     0.8898
     0.8824
     0.8833
     0.8843
     0.8770
     0.8780
     0.8710
     0.8640
     0.8651
     0.8661
     0.8672
     0.8605
     0.8615
     0.8626
     0.8636
     0.8571
     0.8582
     0.8519
     0.8529
     0.8467
     0.8478
     0.8489
     0.8500
     0.8511
     0.8451
     0.8392
     0.8403
     0.8414
     0.8356
     0.8367
     0.8311
     0.8255
     0.8267
     0.8278
     0.8289
     0.8235
     0.8182
     0.8194
     0.8205
     0.8153
     0.8101
     0.8113
     0.8125
     0.8137
     0.8086
     0.8037
     0.7988
     0.7939
     0.7952
     0.7964
     0.7976
     0.7929
     0.7941
     0.7895
     0.7907
     0.7861
     0.7816
     0.7829
     0.7784
     0.7740
     0.7753
     0.7709
     0.7722
     0.7680
     0.7637
     0.7650
     0.7609
     0.7622
     0.7634
     0.7647
     0.7660
     0.7672
     0.7684
     0.7696
     0.7656
     0.7668
     0.7680
     0.7692
     0.7653
     0.7665
     0.7677
     0.7688
     0.7700
     0.7711
     0.7673
     0.7685
     0.7647
     0.7659
     0.7621
     0.7633
     0.7596
     0.7608
     0.7571
     0.7536
     0.7500
     0.7465
     0.7430
     0.7442
     0.7454
     0.7465
     0.7431
     0.7443
     0.7409
     0.7376
     0.7342
     0.7354
     0.7366
     0.7378
     0.7389
     0.7357
     0.7368
     0.7380
     0.7348
     0.7316
     0.7328
     0.7296
     0.7308
     0.7277
     0.7288
     0.7257
     0.7269
     0.7280
     0.7250
     0.7220
     0.7231
     0.7202
     0.7213
     0.7184
     0.7195
     0.7206
     0.7218
     0.7189
     0.7200
     0.7171
     0.7143
     0.7154
     0.7126
     0.7098
     0.7070
     0.7043
     0.7054
     0.7027
     0.7038
     0.7050
     0.7061
     0.7072
     0.7045

  [1,2] =

     1.0000
     1.0000
     1.0000
     1.0000
     1.0000
     1.0000
     1.0000
     1.0000
     1.0000
     1.0000
     1.0000
     0.9167
     0.9231
     0.8571
     0.8667
     0.8750
     0.8824
     0.8889
     0.8947
     0.9000
     0.9048
     0.9091
     0.9130
     0.9167
     0.8800
     0.8846
     0.8889
     0.8571
     0.8621
     0.8667
     0.8710
     0.8750
     0.8788
     0.8824
     0.8857
     0.8889
     0.8919
     0.8947
     0.8718
     0.8750
     0.8780
     0.8810
     0.8837
     0.8864
     0.8889
     0.8913
     0.8936
     0.8958
     0.8980
     0.9000
     0.9020
     0.9038
     0.9057
     0.9074
     0.9091
     0.9107
     0.9123
     0.9138
     0.9153
     0.9167
     0.9180
     0.9194
     0.9206
     0.9219
     0.9231
     0.9091
     0.9104
     0.9118
     0.9130
     0.9000
     0.9014
     0.9028
     0.9041
     0.9054
     0.9067
     0.9079
     0.8961
     0.8974
     0.8987
     0.9000
     0.9012
     0.9024
     0.9036
     0.8929
     0.8941
     0.8953
     0.8966
     0.8977
     0.8989
     0.9000
     0.9011
     0.9022
     0.9032
     0.9043
     0.8947
     0.8958
     0.8969
     0.8980
     0.8990
     0.8900
     0.8812
     0.8824
     0.8835
     0.8846
     0.8857
     0.8868
     0.8879
     0.8796
     0.8807
     0.8818
     0.8829
     0.8750
     0.8761
     0.8772
     0.8783
     0.8793
     0.8803
     0.8814
     0.8739
     0.8750
     0.8760
     0.8689
     0.8699
     0.8629
     0.8560
     0.8571
     0.8583
     0.8594
     0.8527
     0.8538
     0.8550
     0.8485
     0.8421
     0.8433
     0.8370
     0.8382
     0.8321
     0.8333
     0.8345
     0.8286
     0.8298
     0.8239
     0.8182
     0.8194
     0.8207
     0.8151
     0.8163
     0.8108
     0.8054
     0.8067
     0.8013
     0.8026
     0.7974
     0.7922
     0.7935
     0.7949
     0.7898
     0.7911
     0.7925
     0.7937
     0.7950
     0.7901
     0.7853
     0.7805
     0.7758
     0.7771
     0.7784
     0.7798
     0.7751
     0.7765
     0.7719
     0.7733
     0.7688
     0.7644
     0.7657
     0.7614
     0.7571
     0.7584
     0.7542
     0.7556
     0.7569
     0.7527
     0.7541
     0.7500
     0.7514
     0.7527
     0.7540
     0.7553
     0.7566
     0.7579
     0.7592
     0.7552
     0.7565
     0.7577
     0.7590
     0.7551
     0.7563
     0.7576
     0.7588
     0.7600
     0.7612
     0.7574
     0.7586
     0.7549
     0.7561
     0.7524
     0.7488
     0.7452
     0.7464
     0.7429
     0.7441
     0.7406
     0.7371
     0.7336
     0.7349
     0.7361
     0.7373
     0.7339
     0.7352
     0.7318
     0.7285
     0.7252
     0.7265
     0.7277
     0.7289
     0.7301
     0.7269
     0.7281
     0.7293
     0.7261
     0.7229
     0.7241
     0.7210
     0.7222
     0.7191
     0.7203
     0.7173
     0.7185
     0.7155
     0.7125
     0.7095
     0.7107
     0.7078
     0.7090
     0.7061
     0.7073
     0.7085
     0.7097
     0.7068
     0.7080
     0.7052
     0.7024
     0.6996
     0.6969
     0.6941
     0.6914
     0.6887
     0.6899
     0.6873
     0.6885
     0.6897
     0.6908
     0.6920
     0.6894

  [1,3] =

     1.0000
     1.0000
     1.0000
     1.0000
     1.0000
     1.0000
     1.0000
     1.0000
     1.0000
     1.0000
     1.0000
     0.9167
     0.9231
     0.8571
     0.8667
     0.8750
     0.8824
     0.8889
     0.8947
     0.9000
     0.9048
     0.9091
     0.9130
     0.9167
     0.8800
     0.8846
     0.8889
     0.8571
     0.8621
     0.8667
     0.8710
     0.8750
     0.8788
     0.8824
     0.8857
     0.8889
     0.8649
     0.8684
     0.8462
     0.8500
     0.8537
     0.8571
     0.8605
     0.8636
     0.8667
     0.8696
     0.8723
     0.8750
     0.8776
     0.8800
     0.8824
     0.8846
     0.8868
     0.8889
     0.8909
     0.8929
     0.8947
     0.8966
     0.8983
     0.9000
     0.9016
     0.9032
     0.9048
     0.9062
     0.9077
     0.8939
     0.8955
     0.8971
     0.8986
     0.8857
     0.8732
     0.8750
     0.8767
     0.8784
     0.8800
     0.8816
     0.8701
     0.8718
     0.8734
     0.8750
     0.8765
     0.8780
     0.8795
     0.8690
     0.8706
     0.8721
     0.8736
     0.8750
     0.8764
     0.8778
     0.8791
     0.8804
     0.8817
     0.8830
     0.8737
     0.8750
     0.8763
     0.8776
     0.8788
     0.8700
     0.8614
     0.8627
     0.8641
     0.8654
     0.8667
     0.8585
     0.8598
     0.8519
     0.8532
     0.8545
     0.8559
     0.8482
     0.8496
     0.8509
     0.8522
     0.8534
     0.8462
     0.8475
     0.8403
     0.8417
     0.8430
     0.8361
     0.8374
     0.8306
     0.8240
     0.8254
     0.8268
     0.8281
     0.8217
     0.8231
     0.8244
     0.8182
     0.8120
     0.8134
     0.8074
     0.8088
     0.8029
     0.7971
     0.7986
     0.7929
     0.7943
     0.7887
     0.7832
     0.7847
     0.7793
     0.7740
     0.7755
     0.7703
     0.7651
     0.7667
     0.7616
     0.7632
     0.7582
     0.7532
     0.7548
     0.7564
     0.7516
     0.7532
     0.7547
     0.7562
     0.7578
     0.7531
     0.7485
     0.7439
     0.7455
     0.7470
     0.7485
     0.7500
     0.7456
     0.7471
     0.7427
     0.7442
     0.7399
     0.7356
     0.7371
     0.7386
     0.7345
     0.7360
     0.7318
     0.7333
     0.7348
     0.7308
     0.7322
     0.7283
     0.7297
     0.7312
     0.7326
     0.7287
     0.7302
     0.7316
     0.7330
     0.7292
     0.7254
     0.7268
     0.7282
     0.7245
     0.7259
     0.7273
     0.7286
     0.7300
     0.7313
     0.7277
     0.7291
     0.7255
     0.7268
     0.7233
     0.7198
     0.7163
     0.7177
     0.7143
     0.7156
     0.7123
     0.7089
     0.7056
     0.7070
     0.7083
     0.7051
     0.7018
     0.6986
     0.6955
     0.6923
     0.6892
     0.6861
     0.6875
     0.6844
     0.6858
     0.6828
     0.6842
     0.6812
     0.6783
     0.6753
     0.6767
     0.6738
     0.6709
     0.6681
     0.6695
     0.6667
     0.6681
     0.6653
     0.6625
     0.6598
     0.6570
     0.6543
     0.6516
     0.6490
     0.6504
     0.6518
     0.6532
     0.6506
     0.6520
     0.6494
     0.6468
     0.6443
     0.6417
     0.6392
     0.6367
     0.6342
     0.6318
     0.6293
     0.6269
     0.6284
     0.6298
     0.6312
     0.6288

}
指标文件：/mnt/d/desktop/DroneCrowd-master/STNNet/DroneCrowd-MOT-toolkit/../results/tracking/cyc_pts/metrics_seq011_GOG.mat
轨迹文件：/mnt/d/desktop/DroneCrowd-master/STNNet/DroneCrowd-MOT-toolkit/../results/tracking/cyc_pts/00011_GOG.txt
============================================================
